<?xml version="1.0" encoding="UTF-8"?>
<testsuite name="com.example.project.FirstTest" tests="5" skipped="0" failures="0" errors="0" timestamp="2024-10-11T12:13:12" hostname="codespaces-35b8e0" time="0.405">
  <properties/>
  <testcase name="testfizzString2A()" classname="com.example.project.FirstTest" time="0.248"/>
  <testcase name="testfizzString2B()" classname="com.example.project.FirstTest" time="0.03"/>
  <testcase name="testfizzString2C()" classname="com.example.project.FirstTest" time="0.036"/>
  <testcase name="testfizzString2D()" classname="com.example.project.FirstTest" time="0.015"/>
  <testcase name="testfizzString2E()" classname="com.example.project.FirstTest" time="0.006"/>
  <system-out><![CDATA[]]></system-out>
  <system-err><![CDATA[]]></system-err>
</testsuite>
